0 info it worked if it ends with ok
1 verbose cli [ 'D:\\Program Files\\nodejs\\\\node.exe',
1 verbose cli   'D:\\Program Files\\nodejs\\node_modules\\npm\\bin\\npm-cli.js',
1 verbose cli   'i',
1 verbose cli   '-g',
1 verbose cli   'fis3-lint-htmlhint' ]
2 info using npm@3.10.2
3 info using node@v0.12.15
4 silly loadCurrentTree Starting
5 silly install loadCurrentTree
6 silly install readGlobalPackageData
7 silly fetchPackageMetaData fis3-lint-htmlhint
8 silly fetchNamedPackageData fis3-lint-htmlhint
9 silly mapToRegistry name fis3-lint-htmlhint
10 silly mapToRegistry using default registry
11 silly mapToRegistry registry https://registry.npmjs.org/
12 silly mapToRegistry data { raw: 'fis3-lint-htmlhint',
12 silly mapToRegistry   scope: null,
12 silly mapToRegistry   escapedName: 'fis3-lint-htmlhint',
12 silly mapToRegistry   name: 'fis3-lint-htmlhint',
12 silly mapToRegistry   rawSpec: '',
12 silly mapToRegistry   spec: 'latest',
12 silly mapToRegistry   type: 'tag' }
13 silly mapToRegistry uri https://registry.npmjs.org/fis3-lint-htmlhint
14 verbose request uri https://registry.npmjs.org/fis3-lint-htmlhint
15 verbose request no auth needed
16 info attempt registry request try #1 at 04:23:35
17 verbose request using bearer token for auth
18 verbose request id d763343e06a015b0
19 http request GET https://registry.npmjs.org/fis3-lint-htmlhint
20 http 200 https://registry.npmjs.org/fis3-lint-htmlhint
21 verbose headers { server: 'CouchDB/1.5.0 (Erlang OTP/R16B03)',
21 verbose headers   etag: '"5SC8GLZVWB3GG93YA6DD48DKR"',
21 verbose headers   'content-type': 'application/json',
21 verbose headers   'content-encoding': 'gzip',
21 verbose headers   'cache-control': 'max-age=300',
21 verbose headers   'transfer-encoding': 'chunked',
21 verbose headers   'accept-ranges': 'bytes',
21 verbose headers   date: 'Tue, 05 Jul 2016 20:24:02 GMT',
21 verbose headers   via: '1.1 varnish',
21 verbose headers   connection: 'keep-alive',
21 verbose headers   'x-served-by': 'cache-lcy1120-LCY',
21 verbose headers   'x-cache': 'MISS',
21 verbose headers   'x-cache-hits': '0',
21 verbose headers   'x-timer': 'S1467750242.402154,VS0,VE358',
21 verbose headers   vary: 'Accept-Encoding' }
22 silly get cb [ 200,
22 silly get   { server: 'CouchDB/1.5.0 (Erlang OTP/R16B03)',
22 silly get     etag: '"5SC8GLZVWB3GG93YA6DD48DKR"',
22 silly get     'content-type': 'application/json',
22 silly get     'content-encoding': 'gzip',
22 silly get     'cache-control': 'max-age=300',
22 silly get     'transfer-encoding': 'chunked',
22 silly get     'accept-ranges': 'bytes',
22 silly get     date: 'Tue, 05 Jul 2016 20:24:02 GMT',
22 silly get     via: '1.1 varnish',
22 silly get     connection: 'keep-alive',
22 silly get     'x-served-by': 'cache-lcy1120-LCY',
22 silly get     'x-cache': 'MISS',
22 silly get     'x-cache-hits': '0',
22 silly get     'x-timer': 'S1467750242.402154,VS0,VE358',
22 silly get     vary: 'Accept-Encoding' } ]
23 verbose get saving fis3-lint-htmlhint to C:\Users\fisker\AppData\Roaming\npm-cache\registry.npmjs.org\fis3-lint-htmlhint\.cache.json
24 verbose correctMkdir C:\Users\fisker\AppData\Roaming\npm-cache correctMkdir not in flight; initializing
25 silly rollbackFailedOptional Starting
26 silly rollbackFailedOptional Finishing
27 silly runTopLevelLifecycles Starting
28 silly runTopLevelLifecycles Finishing
29 silly install printInstalled
30 verbose stack Error: EPERM, lstat 'C:\Users\fisker\AppData\Roaming\npm\node_modules\fis3-lint-htmlhint'
30 verbose stack     at Error (native)
31 verbose cwd E:\project\fis3-lint-htmlhint
32 error Windows_NT 6.1.7601
33 error argv "D:\\Program Files\\nodejs\\\\node.exe" "D:\\Program Files\\nodejs\\node_modules\\npm\\bin\\npm-cli.js" "i" "-g" "fis3-lint-htmlhint"
34 error node v0.12.15
35 error npm  v3.10.2
36 error path C:\Users\fisker\AppData\Roaming\npm\node_modules\fis3-lint-htmlhint
37 error code EPERM
38 error errno -4048
39 error Error: EPERM, lstat 'C:\Users\fisker\AppData\Roaming\npm\node_modules\fis3-lint-htmlhint'
39 error     at Error (native)
39 error  { [Error: EPERM, lstat 'C:\Users\fisker\AppData\Roaming\npm\node_modules\fis3-lint-htmlhint']
39 error   errno: -4048,
39 error   code: 'EPERM',
39 error   path: 'C:\\Users\\fisker\\AppData\\Roaming\\npm\\node_modules\\fis3-lint-htmlhint' }
40 error Please try running this command again as root/Administrator.
41 verbose exit [ -4048, true ]
